Build started 2014/3/3 15:40:49.
     1>Project "E:\Project\EyeStereo\Applications\BlendStereo\BlendStereo.vcxproj" on node 2 (build target(s)).
     1>C:\Program Files (x86)\MSBuild\Microsoft.Cpp\v4.0\Microsoft.CppBuild.targets(299,5): warning MSB8004: Output Directory does not end with a trailing slash.  This build instance will add the slash as it is required to allow proper evaluation of the Output Directory.
     1>InitializeBuildStatus:
         Creating "Release\RandomDotProject.unsuccessfulbuild" because "AlwaysCreate" was specified.
       ClCompile:
         D:\Program Files (x86)\Microsoft Visual Studio 10.0\VC\bin\CL.exe /c /IE:\Project\EyeStereo\Source /IE:\Project\EyeStereo\Dependencies\DXUT\Optional /IE:\Project\EyeStereo\Dependencies\DXUT\Core /Zi /nologo /W3 /WX- /O2 /Oi /Oy- /GL /D WIN32 /D NDEBUG /D _WINDOWS /D _UNICODE /D UNICODE /Gm- /EHsc /MD /GS /Gy /fp:precise /Zc:wchar_t /Zc:forScope /Fo"Release\\" /Fd"Release\vc100.pdb" /Gd /TP /analyze- /errorReport:prompt App.cpp
         App.cpp
     1>E:\Project\EyeStereo\Source\Utility/PCH.h(64): warning C4005: 'SAFE_RELEASE' : macro redefinition
                 E:\Project\EyeStereo\Dependencies\DXUT\Core\DXUT.h(124) : see previous definition of 'SAFE_RELEASE'
     1>E:\Project\EyeStereo\Source\Utility/PCH.h(65): warning C4005: 'SAFE_DELETE' : macro redefinition
                 E:\Project\EyeStereo\Dependencies\DXUT\Core\DXUT.h(118) : see previous definition of 'SAFE_DELETE'
     1>E:\Project\EyeStereo\Source\Utility/PCH.h(66): warning C4005: 'SAFE_DELETE_ARRAY' : macro redefinition
                 E:\Project\EyeStereo\Dependencies\DXUT\Core\DXUT.h(121) : see previous definition of 'SAFE_DELETE_ARRAY'
     1>E:\Project\EyeStereo\Source\Stereo/StereoSetting.h(31): warning C4305: '=' : truncation from 'double' to 'float'
     1>E:\Project\EyeStereo\Source\Stereo/StereoSetting.h(119): warning C4305: '*=' : truncation from 'double' to 'float'
     1>App.cpp(256): warning C4305: 'argument' : truncation from 'double' to 'float'
     1>App.cpp(541): warning C4996: 'swprintf': swprintf has been changed to conform with the ISO C standard, adding an extra character count parameter. To use traditional Microsoft swprintf, set _CRT_NON_CONFORMING_SWPRINTFS.
                 D:\Program Files (x86)\Microsoft Visual Studio 10.0\VC\include\swprintf.inl(85) : see declaration of 'swprintf'
     1>App.cpp(556): warning C4244: 'initializing' : conversion from 'double' to 'float', possible loss of data
     1>App.cpp(573): warning C4996: 'swprintf': swprintf has been changed to conform with the ISO C standard, adding an extra character count parameter. To use traditional Microsoft swprintf, set _CRT_NON_CONFORMING_SWPRINTFS.
                 D:\Program Files (x86)\Microsoft Visual Studio 10.0\VC\include\swprintf.inl(85) : see declaration of 'swprintf'
       Link:
         D:\Program Files (x86)\Microsoft Visual Studio 10.0\VC\bin\link.exe /ERRORREPORT:PROMPT /OUT:"E:\Project\EyeStereo\Applications\Bin\RandomDotProject.exe" /INCREMENTAL:NO /NOLOGO d3dx10.lib d3dx9.lib dxerr.lib dxguid.lib winmm.lib comctl32.lib kernel32.lib user32.lib gdi32.lib winspool.lib comdlg32.lib advapi32.lib shell32.lib ole32.lib oleaut32.lib uuid.lib odbc32.lib odbccp32.lib /MANIFEST /ManifestFile:"Release\RandomDotProject.exe.intermediate.manifest" /MANIFESTUAC:"level='asInvoker' uiAccess='false'" /DEBUG /PDB:"E:\Project\EyeStereo\Applications\Bin\RandomDotProject.pdb" /SUBSYSTEM:WINDOWS /OPT:REF /OPT:ICF /LTCG /TLBID:1 /DYNAMICBASE /NXCOMPAT /IMPLIB:"E:\Project\EyeStereo\Applications\Bin\RandomDotProject.lib" /MACHINE:X86 Release\DXUT.obj
         Release\DXUTenum.obj
         Release\DXUTmisc.obj
         Release\DXUTcamera.obj
         Release\DXUTgui.obj
         Release\DXUTres.obj
         Release\DXUTsettingsdlg.obj
         Release\SDKmesh.obj
         Release\SDKmisc.obj
         Release\SDKwavefile.obj
         Release\App.obj
         Release\RandDoter.obj
         Release\RandomDotRender.obj
         Generating code
         Finished generating code
         BlendStereo.vcxproj -> E:\Project\EyeStereo\Applications\Bin\RandomDotProject.exe
       Manifest:
         C:\Program Files (x86)\Microsoft SDKs\Windows\v7.0A\bin\mt.exe /nologo /verbose /outputresource:"E:\Project\EyeStereo\Applications\Bin\RandomDotProject.exe;#1" /manifest Release\RandomDotProject.exe.intermediate.manifest
       FinalizeBuildStatus:
         Deleting file "Release\RandomDotProject.unsuccessfulbuild".
         Touching "Release\RandomDotProject.lastbuildstate".
     1>Done Building Project "E:\Project\EyeStereo\Applications\BlendStereo\BlendStereo.vcxproj" (build target(s)).

Build succeeded.

Time Elapsed 00:00:04.70
